# Created by Octave 4.0.0, Fri Jul 28 13:48:48 2017 CEST <user@host>
# name: img
# type: scalar struct
# ndims: 2
 1 1
# length: 5
# name: type
# type: sq_string
# elements: 1
# length: 5
image


# name: name
# type: sq_string
# elements: 1
# length: 19
Created by mk_image


# name: fwd_model
# type: scalar struct
# ndims: 2
 1 1
# length: 14
# name: type
# type: sq_string
# elements: 1
# length: 9
fwd_model


# name: name
# type: sq_string
# elements: 1
# length: 5
ng 2D


# name: nodes
# type: matrix
# rows: 471
# columns: 2
 -0.6707150876326559 -0.741715087632656
 -0.4279948027728243 -0.9037811952012784
 -0.7417150876326559 -0.670715087632656
 -0.3360246460364328 -0.9418531930487309
 -0.9033849427851036 -0.4288305552886306
 -0.05 -0.9987492177719089
 -0.9418531930487309 -0.3360246460364328
 0.05 -0.9987492177719089
 -0.9987492177719089 -0.05
 0.3360246460364328 -0.9418531930487309
 -0.9987492177719089 0.05
 0.4288305552886306 -0.9033849427851036
 -0.9418531930487309 0.3360246460364328
 0.6707150876326559 -0.741715087632656
 -0.9037811952012784 0.4279948027728243
 0.7417150876326559 -0.670715087632656
 -0.741715087632656 0.6707150876326559
 0.9037811952012784 -0.4279948027728243
 -0.670715087632656 0.7417150876326559
 0.9418531930487309 -0.3360246460364328
 -0.4288305552886306 0.9033849427851036
 0.9987492177719089 -0.05
 -0.3360246460364328 0.9418531930487309
 0.9987492177719089 0.05
 -0.05 0.9987492177719089
 0.9418531930487309 0.3360246460364328
 0.05 0.9987492177719089
 0.9033849427851036 0.4288305552886306
 0.3360246460364328 0.9418531930487309
 0.741715087632656 0.6707150876326559
 0.4279948027728243 0.9037811952012784
 0.670715087632656 0.7417150876326559
 -0.706921498919509 -0.7072920149170318
 0.7053505889228784 0.7088586225095583
 0.4797878833692895 0.8773845148918558
 0.5548976421758595 0.8319186298597189
 0.6281540277234556 0.77808901640802
 0.7756226138436924 0.631196927190143
 0.8270973478918596 0.5620586954315823
 0.8761260231445831 0.4820821419310793
 0.380373993488432 0.9248327551928848
 0.9239890576996792 0.3824189080723636
 0.108235363475092 0.9941252969789144
 0.1941450672480612 0.9809728298292699
 0.2770804483511471 0.9608467230216936
 0.9598862115692401 0.2803898372610033
 0.9830861344443003 0.1831438021429145
 0.994283511963599 0.106772177262299
 -0.6190632399291217 -0.7853411392308813
 -0.5428148751747268 -0.8398523746998908
 -0.4751787803857493 -0.8798892695510679
 0.0006781001992988 0.9999997700900334
 0.9999932254120678 -0.003680914284416
 -0.3801366709247136 0.9249303278724706
 -0.4802215803645827 0.877147213272745
 -0.5567149212499546 0.8307036152910717
 -0.6279549586185682 0.7782496835504351
 0.9255319204141786 -0.3786695977952846
 -0.7053505889228784 0.7088586225095583
 0.8795705068769345 -0.475768560785864
 0.8344005484935152 -0.5511585295300446
 0.7796156245215046 -0.6262583157148049
 0.9617801489101421 -0.273822835355974
 0.9826988460571364 -0.1852106313308511
 0.9941852461870722 -0.1076833146961525
 0.7064883728638582 -0.7077246491455402
 -0.8759568352289452 0.4823894928537422
 -0.823615182394685 0.5671490380217264
 -0.7757314712904122 0.631063138243403
 0.6188468874679105 -0.7855116357325838
 0.5436914090266068 -0.8392852028665004
 0.4758587811681183 -0.8795216997807348
 -0.9238479076240083 0.382759772675685
 0.3802588287091058 -0.9248801128734355
 -0.9941743064980668 0.1077842674006174
 -0.9819895020487628 0.1889354859893265
 -0.9594820144447391 0.2817698776609477
 0.2727047187855134 -0.9620977789975996
 0.1823846388150167 -0.9832272593476626
 0.1072505277495445 -0.9942320273947345
 -0.2700875915186601 0.9628357559353773
 -0.1797805308710667 0.983706745285259
 -0.1009452540081403 0.9948919819222748
 -0.9999999549805574 -0.0003000647985529
 -0.0006781001992988 -0.9999997700900334
 -0.9253085374740539 -0.3792151242733171
 -0.1077525690400319 -0.9941777425919739
 -0.1874812464172457 -0.9822681824439983
 -0.2761345491397326 -0.961118988872552
 -0.9613891268506866 -0.2751925630777011
 -0.9827429668050364 -0.1849763801009066
 -0.994153851793391 -0.1079727695503102
 -0.3834247351442887 -0.9235721263006653
 -0.7817109744606336 -0.6236408841695728
 -0.8384812168522197 -0.5449304992253792
 -0.8794919718503191 -0.4759137226964962
 -0.6469449037908956 -0.685428410254497
 0.6486753939709969 0.6907954604583414
 0.4320892092023117 0.8488459090214698
 0.5495817885227249 0.7510450823772965
 0.7262009472896807 0.6166126892106795
 0.7865458108531008 0.4881184617843539
 0.3423866611102371 0.8944054824931429
 0.3844521938033237 0.8675794835567214
 0.8732209682805034 0.393831516422027
 0.0747853738506387 0.9356550179544967
 0.2206358124360588 0.9039313983498398
 0.2920135489150137 0.8973177992172571
 0.8932026642823391 0.2855148123911419
 0.9209051607790995 0.1389409080889329
 -0.5996986774672477 -0.7234916483795295
 -0.5366044684978061 -0.7611417668089089
 -0.4744551132109722 -0.8021361377744247
 -0.4253052655131658 -0.8385150390841235
 -0.0231347243452953 0.94532552130658
 0.0249405702603316 0.9539716136862153
 0.9441327603711341 0.0119383415834317
 -0.3415822141698307 0.8917850924439715
 -0.3840800284604055 0.8637057789025597
 -0.4355141741277387 0.8356632342551604
 -0.4939349456545119 0.7978648926708617
 -0.5602615747137581 0.758094206735216
 -0.6148533565353496 0.7207394836146321
 0.8902318543283879 -0.3409225309000435
 -0.6572854767315965 0.6773986514723681
 -0.7069775243364256 0.6291783481184834
 0.8467598119087979 -0.4327911396130049
 0.7550951877593965 -0.5379623990085185
 0.8940643403506121 -0.2817548215363236
 0.9046205895101748 -0.2127231617994116
 0.9246083997483509 -0.1347266416570017
 0.9468671705613096 -0.0523774998024876
 0.681514000444962 -0.6523791130757166
 -0.8371878287234079 0.4248250649572374
 -0.7440202765837333 0.5573340662285547
 0.6036470384219884 -0.7199142169037438
 0.4759261246576959 -0.8010789187593444
 -0.8928952404442398 0.3444149022185259
 -0.8746102438182988 0.3881218800164929
 0.3835294290877401 -0.8603710014583584
 -0.9501486106230488 0.0774157034796859
 -0.9060183838906958 0.2192932132539448
 -0.8936555560655663 0.2914738985585752
 0.2803819723284667 -0.8884590539227935
 0.1332770692811867 -0.9163375192293924
 -0.2066709909286104 0.8963173706140464
 -0.07420442842048749 0.948491042092549
 -0.9580292135239979 -0.0222310442963898
 -0.9500096592485516 0.0276617064902604
 0.0199906606544244 -0.9549092018317232
 -0.8927512695925172 -0.3413940528417369
 -0.8678141629593561 -0.3828719619484761
 -0.0773231738181949 -0.9542688106378618
 -0.2084953104046921 -0.9029667026798835
 -0.8976404553378198 -0.2119156916822499
 -0.9377306920389819 -0.0672380412994234
 -0.3426170868134953 -0.8932503969626733
 -0.3810957719286049 -0.8687784878489729
 -0.7284384560135709 -0.6075538406453193
 -0.7991610338813815 -0.480780013568744
 -0.8395612207220219 -0.4321137759790712
 -0.6834470661320963 -0.6437604388567246
 0.6894055247213902 0.651208384955399
 0.4720550950688756 0.7892876131750755
 0.6131325121133389 0.7282387599973288
 0.7459758902350073 0.5547598788788559
 0.8359722751957298 0.4334756708405178
 0.8810096808824289 0.3433429914995062
 0.1446784075922725 0.9168259389612592
 0.9345129915325848 0.0706803080270946
 0.9078146071094844 0.2157001654532484
 0.8627503102250548 -0.3819341836253617
 0.801313789320358 -0.4750398059792887
 0.7154083956583025 -0.5999965786021365
 0.65580116979639 -0.6961987290615261
 -0.7908689725944136 0.4810465196190886
 0.5362181325675673 -0.752960372244713
 0.4346847721301204 -0.8455786488160517
 0.3395356588703986 -0.8860228992311909
 -0.925031860639889 0.1382592723400231
 0.0688290677355422 -0.936573568566163
 0.2075141889232036 -0.8997416448086951
 -0.283256624343504 0.8939839756006988
 -0.1305434519751221 0.9205996735106806
 -0.0283207746963193 -0.9480451412560074
 -0.1364696006287939 -0.9245369290848279
 -0.2810902614745547 -0.8957668376903516
 -0.8938731345477184 -0.2810568303310144
 -0.9160305073261458 -0.1367713375276168
 -0.7554691115399658 -0.5456736026788404
 0.0848417881262479 0.8482317359217042
 0.566239153038847 0.6711067207582169
 0.8144071657747768 0.304837723201874
 0.6767361763401444 0.4765179309506332
 0.6632944273241951 0.567504565429977
 0.7492510191530269 0.4187527991862709
 0.8137871904554794 0.3729156726728879
 0.1683337601506283 0.8257027701079857
 0.8903039094727804 -0.0281700508370076
 0.8363503299261603 0.1627749188810466
 0.6350764593701378 -0.5866732247523389
 0.8703540290119584 0.0319637821661433
 0.8510092855505045 0.09245339412648509
 0.7164628019457296 -0.4468221072393403
 0.8238908077255445 0.2337141951238514
 -0.1447284337658083 -0.8311421261802322
 -0.5243317691050169 -0.6866071112996657
 -0.4599988621608919 -0.7187118232732849
 -0.4047136700098334 -0.7620460204707655
 0.6727471530890777 -0.5180816475981517
 -0.1298081386331141 0.8154466187445875
 -0.7011745425209978 0.4659757644391018
 -0.3786686610751468 0.791548991971103
 -0.4384655573715323 0.757701543228669
 -0.4984130587933302 0.7197673520278254
 -0.5568319208921494 0.6981715963866572
 0.778019851197598 -0.3838378094148186
 0.827320926457046 -0.3187601624501351
 -0.6385467564754536 0.6086061994161283
 0.6100205811458993 -0.6509157459503384
 -0.7582937668131647 0.396744702887932
 0.8249661027716513 -0.2420007704926004
 0.8388398824042028 -0.1630861396025544
 0.8656749425967363 -0.0882429195961283
 0.447254791975754 -0.7068543437933251
 0.3177162014181692 -0.8060472742784776
 0.5318515379727198 -0.6748110168059204
 -0.6613816828129222 0.5400729544045731
 0.4003757978068861 -0.782753306683756
 -0.8774802267430812 0.0690107246834597
 0.1516842126072659 -0.8300970517324889
 0.0059506630494847 -0.8878108891825052
 0.0743868514316209 -0.8539327065852671
 -0.2341681593344996 0.7972000305063999
 0.2315268290200902 -0.8134583880484415
 -0.8001080749429285 -0.2416680698080199
 -0.8560507107877771 -0.0746862719423759
 -0.7066803485132075 -0.4722225154090893
 -0.0705767333937357 -0.8929814979120266
 0.6306617249057124 0.6317019092695247
 -0.8346372133868637 -0.3197696960356148
 -0.8235764325776622 -0.1541433770770907
 -0.3159214282197383 -0.8356267300223169
 0.4778891584593268 0.6875043511371195
 0.3898897477809921 0.7972663547300611
 -0.6672968629305425 -0.5518696778880634
 -0.3215368730764932 0.8293921305240637
 -0.5908048068569134 0.6462896625368321
 -0.058279391728958 0.8807291454047097
 -0.8957465058245747 -0.0136327058514539
 -0.6194033180950046 -0.61238240112547
 -0.836276267657456 0.1588759018970146
 0.3281013148797572 0.8371319748546886
 -0.8263171051356848 0.3407818168203816
 -0.8188669513326239 0.2479061704091164
 0.2506065652215012 0.81995354280743
 -0.2382208600500575 -0.8197016472203124
 -0.7560694876018094 -0.4145192040004884
 0.3945277826973599 0.7123121530455964
 -0.6179814146535333 -0.4628165653703211
 -0.5868921338659785 -0.6630032081998443
 0.0158657945660151 0.8900925037843267
 -0.8096135721338977 -0.3746389677532171
 -0.536148041751721 -0.607918809495384
 0.7352214534255532 0.3387992515677961
 -0.1672030289483543 0.7267881389890928
 -0.308081584053267 -0.7458076833420879
 -0.3688535060888175 -0.8111975856738067
 -0.3765405474539554 -0.6730774663792268
 -0.7397473471585613 0.1921420026661598
 -0.3808466578983002 0.7122659661293006
 -0.4391582113342541 0.6645688052308032
 -0.5129620906741134 0.636322290386569
 0.346221898385865 -0.7112450520288295
 -0.455650619838168 -0.6311963746327681
 0.5514000836148022 -0.5915011873452538
 0.7499398204146863 -0.191558416438772
 0.7469997421943321 -0.286153057698714
 0.8139897272423975 -0.031762937032735
 -0.7711821680309667 0.0915181211211395
 -0.6590387337113169 0.3720531863128633
 0.1049157093056868 0.7574856893015697
 -0.7271062099690807 -0.1687460230011659
 -0.7362201488742488 0.2968594232802852
 0.5710475072510243 0.5122443511673515
 -0.059006359090836 -0.8231499927312833
 0.4640592886518008 -0.6085856079820434
 0.3114166246624704 0.7528992451110772
 -0.2056597910562037 -0.7329880391821586
 -0.3092322539502781 0.7378844856927037
 0.4996329087358025 0.5869704136197436
 0.581461432261861 0.5854622500974043
 -0.0022033534946652 0.7947389836395425
 -0.7621479372918557 -0.0781715795397131
 0.6536881398490003 0.3819863097267308
 -0.5619275205758152 0.5557141637841042
 -0.075856899054479 0.7063152184663525
 0.7822047056066646 0.0365374459460384
 0.7526429875525895 0.1848690487341904
 0.6669795800888071 -0.3433062106073192
 0.7425074883905338 0.2618131561109541
 0.6249114610125185 -0.4372249833421541
 0.5833732541248544 -0.5140402049358339
 0.2574557549143214 -0.72621202246232
 -0.8098261714741612 0.0019415110323997
 0.7748510517991939 -0.1063062292638779
 -0.6030896477946525 0.4597002034221438
 0.0075653524338411 -0.7898185112976165
 -0.690019635908361 -0.2620635399313018
 0.3744463787976606 -0.6227248254440849
 0.086539191369375 -0.7632087610432801
 0.170675462119291 -0.7438491417220834
 -0.5755694087406039 -0.5395863186594541
 -0.6636327738996018 -0.3720482937909393
 0.4072988350214464 0.6128250660316573
 -0.7514230888428289 -0.3256400862062457
 -0.2439020577048376 0.6767903561479359
 -0.08565998270499391 -0.7344381992459728
 0.211443275620709 0.7259947409304469
 0.6550557724603109 0.292278459231575
 0.5586590870365943 0.4232295204934716
 0.7613605141980632 0.1101098523934267
 -0.3457330721035122 0.6262554418492188
 0.6559965422349028 -0.2269142721114536
 -0.555067223736658 -0.386145670172307
 -0.4517043945240722 0.5692921597835905
 0.1321876165006655 0.6630835427852805
 -0.6672532993513636 0.1175613992137667
 -0.6288861334646543 0.2435411719989357
 0.3109542135427414 0.657268406709825
 -0.7115030425434319 0.0103203453266246
 -0.4960470041458006 0.4677975942166422
 -0.6209874531280957 -0.1866094269170268
 0.0309487270780706 0.676816780627749
 -0.6619037869586132 -0.0799198173740566
 -0.2777968504964928 -0.6309504816084207
 0.6704977695160166 0.1355956479782192
 -0.1632753440410902 -0.6438906472558061
 -0.5537540649152614 0.36453890942523
 0.5726264989459857 -0.3650336360996145
 0.4524778204757496 0.4919529408772551
 -0.1496882536492919 0.6330040112131016
 0.7234389084046403 -0.035879401513568
 -0.590710914241837 -0.2885568298416183
 0.5592823967070668 -0.2694973982481709
 0.6783677668169116 0.2133985475176919
 0.4925081993602589 -0.5204954696901503
 -0.4801343942890264 -0.5417209784524979
 -0.383717711559207 -0.5684397710755685
 -0.5301122314431364 -0.4716891679376624
 0.5295307531657409 -0.4381231663389311
 0.6887938723154773 0.0502713186861015
 0.282979006015955 -0.6354352425414791
 0.0111696978097944 -0.7000789512474715
 0.0986976130771563 -0.6725485162881285
 0.6753015826205357 -0.123152699886903
 0.4002106470097184 -0.5300279976950828
 0.5564822828187218 0.3201305032491956
 0.2117281845150538 0.6030418237345636
 -0.2452425608797463 0.5609474361810641
 -0.4896983650193739 -0.3140637340035554
 -0.5195759356784636 -0.2087306172758435
 0.615068294359979 -0.0330978891943407
 -0.0390830339878068 0.6026374165133004
 -0.5981779245099963 0.0130379784968051
 0.4808971493547131 -0.3453479079585922
 0.4356378511299201 -0.4381138919011325
 0.5848426604719679 0.0806176329099751
 0.552509485264621 -0.1414092578063643
 -0.3728409936567872 0.4910211668264836
 0.3200534896507739 0.5441744055091989
 -0.3082605857405008 -0.5049556074390756
 0.0282310808948739 -0.6058184651543285
 -0.4413513457435485 0.3708896165938043
 0.4531706975155631 0.3698388884133127
 0.5769470865900627 0.1990023341763158
 -0.5017150137048788 0.2570981631784883
 -0.2055733713845026 -0.5474328315285606
 -0.5535508009851977 0.1327079101189567
 0.1900407445751449 -0.6513190422452146
 -0.432411052545237 -0.4391027814296724
 -0.550948875277597 -0.0923903464780013
 -0.1197587688486478 0.5355682221810208
 0.0933875352559391 0.5674006702983585
 0.3376467573579669 0.4257683075523134
 -0.0617371208384773 -0.6360672598890664
 0.1184377321100256 -0.5787369240475143
 0.464369361461387 0.2475619915476803
 0.3055448824486187 -0.5422012698115775
 -0.1202453436920706 -0.5704915393294433
 -0.0087272432124529 0.4963023140037903
 -0.3298704695251415 0.3701385353736888
 0.4810098550463402 0.1236655507218826
 -0.3991209111198127 -0.3310704333481617
 -0.2132180157910004 -0.4389118005613083
 -0.4181153423127605 -0.2350584446161219
 0.3336159810597739 -0.4480438224639361
 0.2106187109590613 -0.5554282711348341
 0.4343309302177334 -0.2257105381915412
 0.3770400414350255 -0.340212426346506
 0.5063300973762689 -0.0003254011804763
 0.218602319466458 0.4910856874572137
 0.0445273035969961 -0.5082579383937355
 -0.4736284293238214 0.0099450071161268
 -0.3899434020127554 0.2696019356748614
 -0.0424826252638332 -0.5398143178554747
 -0.1244457557763347 -0.4837744520200605
 -0.1877407356642215 0.4714536290896962
 -0.3165061975051128 -0.392719058113233
 -0.4405938346660323 -0.1242457518127137
 -0.2744807620342575 0.4545086021098753
 -0.0980161407742634 0.4319709294564824
 0.3519332475439854 0.3040818638375759
 0.4220958244748752 -0.086667036220761
 0.1371830666668666 -0.4808643813935453
 -0.4420043142267663 0.1481225070434565
 0.3679381132048203 0.1694989111895823
 0.2339525831205446 -0.4605873549456765
 -0.1238361644091772 -0.3838253073997923
 -0.0357939270994441 -0.4416627341109214
 0.337409134263299 -0.1490965495958359
 0.3931629578593515 0.0413014864810906
 0.2308406434462655 0.3715793275085235
 -0.318912357552193 -0.2773879695741251
 -0.276826011384303 0.2719651162253004
 0.008396201441419599 0.3886004031915807
 0.0583083710108517 -0.406887158400052
 -0.2050089545338856 0.3701466773244157
 0.115495396450884 0.4420538034109843
 0.1580713563885522 -0.3792264135508488
 0.2614043139508251 -0.3601581130288569
 -0.2236447583605713 -0.3287330527273349
 0.302743867233117 -0.247019082252307
 -0.3629883263245054 0.0566228040103185
 0.2339831296942912 0.2290176979947955
 -0.3354102580179863 -0.168550222297926
 -0.08266961615524859 0.3310845379538674
 0.3066725674127824 -0.0413832815148722
 -0.3553958539171006 -0.0571502615951935
 -0.3314774637079518 0.1729482952101557
 0.2771891484211504 0.0848097263471603
 -0.1647641884067942 0.2587992785094946
 0.222664238820512 -0.141153053067726
 0.1280601624913905 0.324795666146362
 0.017357363484048 0.2788755437733386
 -0.0286907150170401 -0.3359269817417988
 -0.2326202311504492 -0.2169530301397641
 -0.06489186758802459 0.2359147562261902
 0.07470598213017191 -0.3005218774457574
 -0.2740572865057079 0.0930061271587921
 0.1852031727548721 -0.2711930696642008
 -0.2612382535503006 -0.0021405109255915
 -0.1239822078167224 -0.2718780627081749
 -0.1117523150071347 0.1570459628160962
 0.1911640236202973 -0.0003016309942112
 0.1513152808984499 0.1151729409400976
 0.1133239882642187 0.2188045205969374
 0.09771918544173711 -0.1937075357843659
 0.0170308675470141 0.1538526318787536
 -0.2447916612454445 -0.1079728265891893
 -0.0237150090365594 -0.2201342500298651
 -0.1422060111130426 -0.163864976972994
 0.1008183874420633 -0.0737243582547296
 -0.2268034668838375 0.1730112463243826
 -0.1796862788891211 0.0669828464238922
 -0.057498691986233 0.05301769092445
 -0.1390809228731071 -0.0426717989392433
 -0.0618179248068412 -0.1185386447059407
 0.06683841212714101 0.0375372386593889
 0.0239125778938537 -0.1304472739957424
 -0.0094023423642337 -0.0398910638744606


# name: elems
# type: matrix
# rows: 844
# columns: 3
 1 33 97
 1 49 111
 1 97 111
 2 51 114
 2 93 158
 2 114 158
 3 33 162
 3 94 159
 3 159 162
 4 89 187
 4 93 157
 4 157 187
 5 86 152
 5 96 161
 5 152 161
 6 85 185
 6 87 153
 6 153 185
 7 86 151
 7 90 188
 7 151 188
 8 80 181
 8 85 150
 8 150 181
 9 84 148
 9 92 156
 9 148 156
 10 74 179
 10 78 144
 10 144 179
 11 75 141
 11 84 149
 11 141 149
 12 72 178
 12 74 140
 12 140 178
 13 73 138
 13 77 143
 13 138 143
 14 66 175
 14 70 136
 14 136 175
 15 67 134
 15 73 139
 15 134 139
 16 62 174
 16 66 133
 16 133 174
 17 59 126
 17 69 126
 18 58 172
 18 60 127
 18 127 172
 19 57 123
 19 59 125
 19 123 125
 20 58 124
 20 63 129
 20 124 129
 21 54 119
 21 55 120
 21 119 120
 22 53 132
 22 65 132
 23 54 118
 23 81 183
 23 118 183
 24 48 170
 24 53 117
 24 117 170
 25 52 115
 25 83 147
 25 115 147
 26 42 168
 26 46 109
 26 109 168
 27 43 106
 27 52 116
 27 106 116
 28 40 167
 28 42 105
 28 105 167
 29 41 103
 29 45 108
 29 103 108
 30 34 163
 30 38 101
 30 101 163
 31 35 99
 31 41 104
 31 99 104
 32 34 98
 32 37 165
 32 98 165
 33 97 162
 34 98 163
 35 36 164
 35 99 164
 36 37 100
 36 100 164
 37 100 165
 38 39 166
 38 101 166
 39 40 102
 39 102 166
 40 102 167
 41 103 104
 42 105 168
 43 44 169
 43 106 169
 44 45 107
 44 107 169
 45 107 108
 46 47 171
 46 109 171
 47 48 110
 47 110 171
 48 110 170
 49 50 112
 49 111 112
 50 51 113
 50 112 113
 51 113 114
 52 115 116
 53 117 132
 54 118 119
 55 56 121
 55 120 121
 56 57 122
 56 121 122
 57 122 123
 58 124 172
 59 125 126
 60 61 173
 60 127 173
 61 62 128
 61 128 173
 62 128 174
 63 64 130
 63 129 130
 64 65 131
 64 130 131
 65 131 132
 66 133 175
 67 68 176
 67 134 176
 68 69 135
 68 135 176
 69 126 135
 70 71 177
 70 136 177
 71 72 137
 71 137 177
 72 137 178
 73 138 139
 74 140 179
 75 76 180
 75 141 180
 76 77 142
 76 142 180
 77 142 143
 78 79 182
 78 144 182
 79 80 145
 79 145 182
 80 145 181
 81 82 146
 81 146 183
 82 83 184
 82 146 184
 83 147 184
 84 148 149
 85 150 185
 86 151 152
 87 88 186
 87 153 186
 88 89 154
 88 154 186
 89 154 187
 90 91 155
 90 155 188
 91 92 189
 91 155 189
 92 156 189
 93 157 158
 94 95 190
 94 159 190
 95 96 160
 95 160 190
 96 160 161
 97 111 261
 97 162 251
 97 251 261
 98 163 240
 98 165 192
 98 192 240
 99 104 245
 99 164 245
 100 164 244
 100 165 192
 100 192 244
 101 163 195
 101 166 195
 102 166 194
 102 167 196
 102 194 196
 103 104 253
 103 108 253
 104 245 253
 105 167 197
 105 168 197
 106 116 262
 106 169 191
 106 191 262
 107 108 256
 107 169 198
 107 198 256
 108 253 256
 109 168 193
 109 171 205
 109 193 205
 110 170 203
 110 171 200
 110 200 203
 111 112 207
 111 207 261
 112 113 208
 112 207 208
 113 114 209
 113 208 209
 114 158 268
 114 209 268
 115 116 262
 115 147 249
 115 249 262
 117 132 199
 117 170 202
 117 199 202
 118 119 247
 118 183 247
 119 120 213
 119 213 247
 120 121 214
 120 213 214
 121 122 215
 121 214 215
 122 123 216
 122 215 216
 123 125 248
 123 216 248
 124 129 218
 124 172 218
 125 126 219
 125 219 248
 126 135 228
 126 219 228
 127 172 217
 127 173 217
 128 173 204
 128 174 210
 128 204 210
 129 130 222
 129 218 222
 130 131 223
 130 222 223
 131 132 224
 131 223 224
 132 199 224
 133 174 201
 133 175 220
 133 201 220
 134 139 254
 134 176 221
 134 221 254
 135 176 212
 135 212 228
 136 175 220
 136 177 227
 136 220 227
 137 177 225
 137 178 229
 137 225 229
 138 139 254
 138 143 254
 140 178 229
 140 179 226
 140 226 229
 141 149 230
 141 180 230
 142 143 255
 142 180 252
 142 252 255
 143 254 255
 144 179 226
 144 182 235
 144 226 235
 145 181 233
 145 182 231
 145 231 233
 146 183 234
 146 184 211
 146 211 234
 147 184 249
 148 149 250
 148 156 250
 149 230 250
 150 181 232
 150 185 232
 151 152 241
 151 188 241
 152 161 263
 152 241 263
 153 185 239
 153 186 239
 154 186 206
 154 187 257
 154 206 257
 155 188 236
 155 189 242
 155 236 242
 156 189 237
 156 237 250
 157 158 243
 157 187 243
 158 243 268
 159 162 246
 159 190 246
 160 161 258
 160 190 238
 160 238 258
 161 258 263
 162 246 251
 163 195 240
 164 244 259
 164 245 259
 166 194 195
 167 196 197
 168 193 197
 169 191 198
 170 202 203
 171 200 205
 172 217 218
 173 204 217
 174 201 210
 176 212 221
 177 225 227
 180 230 252
 181 232 233
 182 231 235
 183 234 247
 184 211 249
 185 232 239
 186 206 239
 187 243 257
 188 236 241
 189 237 242
 190 238 246
 191 198 282
 191 262 293
 191 282 293
 192 240 292
 192 244 291
 192 291 292
 193 197 265
 193 205 301
 193 265 301
 194 195 285
 194 196 295
 194 285 321
 194 295 321
 195 240 292
 195 285 292
 196 197 265
 196 265 295
 198 256 319
 198 282 319
 199 202 279
 199 224 279
 200 203 322
 200 205 299
 200 299 322
 201 210 303
 201 220 276
 201 276 303
 202 203 298
 202 279 298
 203 298 322
 204 210 302
 204 217 300
 204 300 302
 205 299 301
 206 239 286
 206 257 289
 206 286 318
 206 289 318
 207 208 275
 207 261 264
 207 264 275
 208 209 269
 208 269 275
 209 267 268
 209 267 269
 210 302 303
 211 234 266
 211 249 293
 211 266 297
 211 293 297
 212 221 281
 212 228 307
 212 281 307
 213 214 271
 213 247 290
 213 271 290
 214 215 272
 214 271 272
 215 216 273
 215 272 273
 216 248 273
 217 218 278
 217 278 300
 218 222 278
 219 228 296
 219 248 296
 220 227 276
 221 254 284
 221 281 284
 222 223 277
 222 277 278
 223 224 306
 223 277 306
 224 279 306
 225 227 287
 225 229 274
 225 274 310
 225 287 310
 226 229 274
 226 235 304
 226 274 304
 227 276 287
 228 296 307
 230 250 305
 230 252 280
 230 280 305
 231 233 311
 231 235 312
 231 311 312
 232 233 308
 232 239 286
 232 286 308
 233 308 311
 234 247 290
 234 266 317
 234 290 317
 235 304 312
 236 241 316
 236 242 283
 236 283 309
 236 309 316
 237 242 294
 237 250 305
 237 294 305
 238 246 260
 238 258 314
 238 260 314
 241 263 316
 242 283 294
 243 257 267
 243 267 268
 244 259 315
 244 291 315
 245 253 288
 245 259 288
 246 251 313
 246 260 313
 248 273 296
 249 262 293
 251 261 264
 251 264 313
 252 255 270
 252 270 280
 253 256 288
 254 255 284
 255 270 284
 256 288 319
 257 267 289
 258 263 316
 258 314 316
 259 288 330
 259 315 330
 260 313 350
 260 314 325
 260 325 350
 264 275 348
 264 313 348
 265 295 320
 265 301 320
 266 297 342
 266 317 342
 267 269 336
 267 289 336
 269 275 349
 269 336 349
 270 280 328
 270 284 329
 270 328 329
 271 272 323
 271 290 323
 272 273 326
 272 323 326
 273 296 326
 274 304 353
 274 310 353
 275 348 349
 276 287 347
 276 303 347
 277 278 324
 277 306 356
 277 324 356
 278 300 324
 279 298 343
 279 306 343
 280 305 331
 280 328 331
 281 284 329
 281 307 339
 281 329 339
 282 293 334
 282 319 327
 282 327 334
 283 294 335
 283 309 333
 283 333 335
 285 291 292
 285 291 341
 285 321 341
 286 308 318
 287 310 357
 287 347 357
 288 319 330
 289 318 338
 289 336 338
 290 317 323
 291 315 341
 293 297 334
 294 305 331
 294 331 335
 295 320 358
 295 321 358
 296 307 332
 296 326 332
 297 334 364
 297 342 364
 298 322 352
 298 343 352
 299 301 346
 299 322 337
 299 337 346
 300 302 340
 300 324 345
 300 340 345
 301 320 346
 302 303 351
 302 340 351
 303 347 351
 304 312 380
 304 353 380
 306 343 356
 307 332 339
 308 311 354
 308 318 354
 309 314 316
 309 314 344
 309 333 344
 310 353 389
 310 357 389
 311 312 355
 311 354 355
 312 355 380
 313 348 350
 314 325 344
 315 330 371
 315 341 371
 317 323 360
 317 342 360
 318 338 386
 318 354 386
 319 327 359
 319 330 359
 320 346 376
 320 358 376
 321 341 375
 321 358 375
 322 337 352
 323 326 370
 323 360 370
 324 345 369
 324 356 369
 325 344 361
 325 350 381
 325 361 381
 326 332 370
 327 334 384
 327 359 384
 328 329 379
 328 331 365
 328 365 379
 329 339 377
 329 377 379
 330 359 371
 331 335 365
 332 339 374
 332 370 374
 333 335 382
 333 344 362
 333 362 382
 334 364 384
 335 365 382
 336 338 378
 336 349 372
 336 372 378
 337 346 376
 337 352 368
 337 368 376
 338 378 390
 338 386 390
 339 374 377
 340 345 366
 340 351 366
 341 371 385
 341 375 385
 342 360 383
 342 364 383
 343 352 363
 343 356 363
 344 361 362
 345 366 399
 345 369 399
 347 351 367
 347 357 367
 348 349 381
 348 350 381
 349 372 381
 351 366 367
 352 363 368
 353 380 398
 353 389 398
 354 355 373
 354 373 386
 355 373 387
 355 380 387
 356 363 369
 357 367 397
 357 389 397
 358 375 388
 358 376 388
 359 371 402
 359 384 402
 360 370 411
 360 383 408
 360 408 411
 361 362 396
 361 381 394
 361 394 396
 362 382 410
 362 396 410
 363 368 401
 363 369 401
 364 383 391
 364 384 391
 365 379 404
 365 382 404
 366 367 400
 366 399 400
 367 397 400
 368 376 393
 368 393 401
 369 399 414
 369 401 414
 370 374 392
 370 392 411
 371 385 402
 372 378 395
 372 381 409
 372 395 409
 373 386 406
 373 387 403
 373 403 406
 374 377 405
 374 392 405
 375 385 413
 375 388 413
 376 388 393
 377 379 416
 377 405 416
 378 390 407
 378 395 407
 379 404 416
 380 387 398
 381 394 409
 382 404 410
 383 391 412
 383 408 412
 384 391 429
 384 402 429
 385 402 423
 385 413 423
 386 390 406
 387 398 415
 387 403 415
 388 393 417
 388 413 417
 389 397 418
 389 398 418
 390 406 407
 391 412 426
 391 426 429
 392 405 425
 392 411 428
 392 425 428
 393 401 422
 393 417 422
 394 396 424
 394 409 424
 395 407 419
 395 409 432
 395 419 432
 396 410 436
 396 424 436
 397 400 431
 397 418 431
 398 415 418
 399 400 433
 399 414 421
 399 421 433
 400 431 433
 401 414 422
 402 423 429
 403 406 420
 403 415 427
 403 420 427
 404 410 439
 404 416 434
 404 434 439
 405 416 440
 405 425 440
 406 407 420
 407 419 420
 408 411 428
 408 412 428
 409 424 432
 410 436 439
 412 426 437
 412 428 437
 413 417 435
 413 423 435
 414 421 438
 414 422 438
 415 418 430
 415 427 430
 416 434 440
 417 422 441
 417 435 441
 418 430 431
 419 420 446
 419 432 453
 419 446 453
 420 427 446
 421 433 443
 421 438 443
 422 438 441
 423 429 444
 423 435 444
 424 432 447
 424 436 447
 425 428 442
 425 440 464
 425 442 464
 426 429 444
 426 437 445
 426 444 445
 427 430 449
 427 446 449
 428 437 442
 430 431 451
 430 449 451
 431 433 451
 432 447 453
 433 443 451
 434 439 452
 434 440 450
 434 450 452
 435 441 456
 435 444 457
 435 456 457
 436 439 460
 436 447 460
 437 442 448
 437 445 448
 438 441 455
 438 443 455
 439 452 460
 440 450 464
 441 455 456
 442 448 454
 442 454 464
 443 451 458
 443 455 463
 443 458 463
 444 445 457
 445 448 459
 445 457 459
 446 449 461
 446 453 461
 447 453 462
 447 460 462
 448 454 459
 449 451 458
 449 458 461
 450 452 465
 450 464 465
 452 460 467
 452 465 467
 453 461 462
 454 459 466
 454 464 465
 454 465 466
 455 456 469
 455 463 469
 456 457 459
 456 459 469
 458 461 470
 458 463 470
 459 466 469
 460 462 467
 461 462 468
 461 468 470
 462 467 468
 463 469 471
 463 470 471
 465 466 467
 466 467 471
 466 469 471
 467 468 471
 468 470 471


# name: boundary
# type: uint32 matrix
# ndims: 2
 96 2
 1
 1
 2
 2
 3
 3
 4
 4
 5
 5
 6
 6
 7
 7
 8
 8
 9
 9
 10
 10
 11
 11
 12
 12
 13
 13
 14
 14
 15
 15
 16
 16
 17
 17
 18
 18
 19
 19
 20
 20
 21
 21
 22
 22
 23
 23
 24
 24
 25
 25
 26
 26
 27
 27
 28
 28
 29
 29
 30
 30
 31
 31
 32
 32
 35
 36
 38
 39
 43
 44
 46
 47
 49
 50
 55
 56
 60
 61
 63
 64
 67
 68
 70
 71
 75
 76
 78
 79
 81
 82
 87
 88
 90
 91
 94
 95
 33
 49
 51
 93
 33
 94
 89
 93
 86
 96
 85
 87
 86
 90
 80
 85
 84
 92
 74
 78
 75
 84
 72
 74
 73
 77
 66
 70
 67
 73
 62
 66
 59
 69
 58
 60
 57
 59
 58
 63
 54
 55
 53
 65
 54
 81
 48
 53
 52
 83
 42
 46
 43
 52
 40
 42
 41
 45
 34
 38
 35
 41
 34
 37
 36
 37
 39
 40
 44
 45
 47
 48
 50
 51
 56
 57
 61
 62
 64
 65
 68
 69
 71
 72
 76
 77
 79
 80
 82
 83
 88
 89
 91
 92
 95
 96


# name: gnd_node
# type: scalar
471


# name: mat_idx
# type: cell
# rows: 1
# columns: 1
# name: <cell-element>
# type: matrix
# rows: 844
# columns: 1
 599
 28
 70
 550
 559
 83
 228
 560
 427
 553
 327
 531
 487
 671
 606
 620
 53
 548
 32
 127
 81
 662
 539
 57
 149
 16
 793
 386
 581
 17
 281
 39
 119
 123
 775
 541
 18
 469
 442
 190
 88
 537
 512
 171
 614
 135
 410
 391
 635
 574
 169
 431
 736
 593
 27
 321
 305
 168
 759
 84
 359
 396
 121
 424
 609
 73
 510
 131
 446
 206
 546
 389
 134
 157
 288
 387
 542
 244
 420
 166
 416
 429
 455
 139
 545
 277
 1
 401
 467
 520
 651
 497
 557
 365
 403
 454
 50
 150
 159
 673
 222
 236
 521
 619
 234
 406
 711
 501
 749
 704
 435
 771
 11
 733
 734
 300
 680
 748
 623
 583
 495
 827
 392
 828
 692
 29
 357
 167
 346
 447
 151
 475
 840
 773
 259
 587
 419
 755
 388
 107
 213
 293
 503
 394
 355
 113
 515
 572
 624
 701
 688
 395
 457
 272
 832
 38
 328
 568
 66
 283
 189
 63
 128
 100
 214
 523
 163
 358
 209
 90
 37
 751
 239
 561
 374
 162
 227
 86
 225
 125
 834
 650
 637
 653
 133
 570
 443
 488
 349
 153
 402
 636
 665
 690
 654
 533
 414
 112
 224
 380
 20
 363
 381
 657
 237
 252
 451
 438
 79
 253
 586
 247
 564
 218
 289
 347
 361
 5
 47
 304
 547
 203
 64
 110
 552
 9
 658
 476
 543
 655
 765
 582
 809
 808
 344
 204
 278
 412
 339
 45
 702
 383
 279
 251
 4
 493
 255
 444
 232
 565
 576
 256
 439
 137
 337
 118
 373
 481
 588
 77
 291
 82
 72
 106
 369
 527
 592
 544
 514
 393
 613
 154
 522
 549
 525
 526
 353
 761
 175
 216
 708
 400
 61
 722
 513
 838
 486
 491
 176
 677
 332
 152
 679
 164
 786
 147
 132
 509
 85
 212
 14
 629
 25
 797
 821
 819
 463
 678
 158
 42
 196
 80
 192
 40
 333
 34
 502
 769
 712
 516
 36
 674
 188
 319
 597
 356
 685
 41
 652
 822
 826
 595
 682
 262
 540
 468
 56
 265
 316
 109
 342
 324
 297
 707
 145
 197
 372
 91
 92
 364
 174
 452
 385
 554
 517
 130
 248
 329
 404
 287
 74
 425
 631
 758
 839
 217
 111
 530
 479
 591
 421
 8
 428
 518
 584
 115
 261
 310
 634
 331
 95
 7
 577
 806
 194
 621
 426
 458
 170
 301
 187
 774
 713
 695
 448
 731
 698
 489
 645
 589
 812
 829
 326
 306
 460
 764
 184
 322
 161
 730
 506
 729
 456
 33
 340
 459
 776
 148
 825
 375
 813
 529
 94
 777
 453
 49
 741
 782
 767
 423
 579
 202
 418
 76
 737
 615
 233
 740
 718
 590
 138
 507
 578
 21
 292
 709
 348
 640
 122
 612
 796
 611
 229
 311
 312
 566
 536
 820
 830
 783
 156
 843
 226
 837
 810
 52
 240
 567
 710
 789
 833
 142
 633
 496
 811
 366
 13
 15
 114
 726
 103
 87
 352
 573
 260
 649
 263
 382
 314
 186
 104
 210
 805
 508
 473
 735
 201
 433
 720
 282
 754
 672
 562
 336
 477
 478
 779
 804
 585
 482
 290
 535
 696
 368
 430
 270
 659
 99
 483
 302
 303
 407
 644
 105
 641
 746
 484
 699
 642
 569
 155
 668
 787
 528
 725
 744
 727
 643
 747
 102
 626
 694
 762
 768
 757
 108
 505
 686
 756
 795
 182
 841
 742
 752
 230
 465
 71
 101
 116
 179
 6
 140
 379
 367
 215
 753
 195
 274
 689
 117
 143
 719
 264
 413
 78
 207
 434
 335
 800
 205
 129
 60
 524
 370
 257
 185
 511
 697
 617
 575
 178
 691
 193
 648
 345
 360
 338
 235
 603
 334
 732
 666
 532
 471
 616
 836
 409
 492
 646
 563
 842
 498
 763
 831
 799
 44
 676
 177
 436
 98
 250
 449
 607
 399
 317
 124
 760
 663
 480
 693
 780
 376
 669
 462
 231
 627
 241
 683
 69
 818
 778
 411
 628
 705
 422
 604
 126
 62
 784
 276
 284
 181
 26
 183
 31
 461
 320
 354
 198
 445
 295
 294
 325
 266
 378
 68
 221
 323
 220
 35
 470
 22
 307
 362
 24
 534
 200
 580
 494
 144
 714
 269
 716
 605
 667
 803
 816
 728
 723
 745
 351
 772
 835
 330
 801
 309
 724
 600
 219
 571
 474
 371
 608
 625
 10
 208
 12
 715
 703
 598
 519
 286
 555
 437
 296
 687
 556
 485
 684
 638
 717
 661
 299
 815
 639
 823
 313
 647
 464
 596
 415
 721
 700
 173
 738
 350
 551
 19
 341
 160
 814
 51
 664
 199
 630
 54
 766
 23
 30
 89
 440
 249
 275
 254
 500
 180
 172
 238
 622
 377
 67
 65
 223
 120
 93
 96
 558
 398
 242
 141
 58
 675
 610
 472
 798
 499
 743
 802
 770
 788
 441
 2
 660
 681
 280
 785
 55
 844
 632
 450
 245
 824
 165
 298
 618
 285
 97
 343
 3
 781
 59
 670
 601
 594
 405
 48
 136
 258
 807
 792
 656
 706
 794
 817
 466
 790
 791
 490
 243
 417
 246
 739
 43
 273
 146
 408
 504
 318
 315
 750
 397
 191
 390
 308
 211
 432
 46
 602
 271
 75
 538
 384
 268
 267





# name: mat_idx_reordered
# type: cell
# rows: 1
# columns: 1
# name: <cell-element>
# type: matrix
# rows: 844
# columns: 1
 599
 28
 70
 550
 559
 83
 228
 560
 427
 553
 327
 531
 487
 671
 606
 620
 53
 548
 32
 127
 81
 662
 539
 57
 149
 16
 793
 386
 581
 17
 281
 39
 119
 123
 775
 541
 18
 469
 442
 190
 88
 537
 512
 171
 614
 135
 410
 391
 635
 574
 169
 431
 736
 593
 27
 321
 305
 168
 759
 84
 359
 396
 121
 424
 609
 73
 510
 131
 446
 206
 546
 389
 134
 157
 288
 387
 542
 244
 420
 166
 416
 429
 455
 139
 545
 277
 1
 401
 467
 520
 651
 497
 557
 365
 403
 454
 50
 150
 159
 673
 222
 236
 521
 619
 234
 406
 711
 501
 749
 704
 435
 771
 11
 733
 734
 300
 680
 748
 623
 583
 495
 827
 392
 828
 692
 29
 357
 167
 346
 447
 151
 475
 840
 773
 259
 587
 419
 755
 388
 107
 213
 293
 503
 394
 355
 113
 515
 572
 624
 701
 688
 395
 457
 272
 832
 38
 328
 568
 66
 283
 189
 63
 128
 100
 214
 523
 163
 358
 209
 90
 37
 751
 239
 561
 374
 162
 227
 86
 225
 125
 834
 650
 637
 653
 133
 570
 443
 488
 349
 153
 402
 636
 665
 690
 654
 533
 414
 112
 224
 380
 20
 363
 381
 657
 237
 252
 451
 438
 79
 253
 586
 247
 564
 218
 289
 347
 361
 5
 47
 304
 547
 203
 64
 110
 552
 9
 658
 476
 543
 655
 765
 582
 809
 808
 344
 204
 278
 412
 339
 45
 702
 383
 279
 251
 4
 493
 255
 444
 232
 565
 576
 256
 439
 137
 337
 118
 373
 481
 588
 77
 291
 82
 72
 106
 369
 527
 592
 544
 514
 393
 613
 154
 522
 549
 525
 526
 353
 761
 175
 216
 708
 400
 61
 722
 513
 838
 486
 491
 176
 677
 332
 152
 679
 164
 786
 147
 132
 509
 85
 212
 14
 629
 25
 797
 821
 819
 463
 678
 158
 42
 196
 80
 192
 40
 333
 34
 502
 769
 712
 516
 36
 674
 188
 319
 597
 356
 685
 41
 652
 822
 826
 595
 682
 262
 540
 468
 56
 265
 316
 109
 342
 324
 297
 707
 145
 197
 372
 91
 92
 364
 174
 452
 385
 554
 517
 130
 248
 329
 404
 287
 74
 425
 631
 758
 839
 217
 111
 530
 479
 591
 421
 8
 428
 518
 584
 115
 261
 310
 634
 331
 95
 7
 577
 806
 194
 621
 426
 458
 170
 301
 187
 774
 713
 695
 448
 731
 698
 489
 645
 589
 812
 829
 326
 306
 460
 764
 184
 322
 161
 730
 506
 729
 456
 33
 340
 459
 776
 148
 825
 375
 813
 529
 94
 777
 453
 49
 741
 782
 767
 423
 579
 202
 418
 76
 737
 615
 233
 740
 718
 590
 138
 507
 578
 21
 292
 709
 348
 640
 122
 612
 796
 611
 229
 311
 312
 566
 536
 820
 830
 783
 156
 843
 226
 837
 810
 52
 240
 567
 710
 789
 833
 142
 633
 496
 811
 366
 13
 15
 114
 726
 103
 87
 352
 573
 260
 649
 263
 382
 314
 186
 104
 210
 805
 508
 473
 735
 201
 433
 720
 282
 754
 672
 562
 336
 477
 478
 779
 804
 585
 482
 290
 535
 696
 368
 430
 270
 659
 99
 483
 302
 303
 407
 644
 105
 641
 746
 484
 699
 642
 569
 155
 668
 787
 528
 725
 744
 727
 643
 747
 102
 626
 694
 762
 768
 757
 108
 505
 686
 756
 795
 182
 841
 742
 752
 230
 465
 71
 101
 116
 179
 6
 140
 379
 367
 215
 753
 195
 274
 689
 117
 143
 719
 264
 413
 78
 207
 434
 335
 800
 205
 129
 60
 524
 370
 257
 185
 511
 697
 617
 575
 178
 691
 193
 648
 345
 360
 338
 235
 603
 334
 732
 666
 532
 471
 616
 836
 409
 492
 646
 563
 842
 498
 763
 831
 799
 44
 676
 177
 436
 98
 250
 449
 607
 399
 317
 124
 760
 663
 480
 693
 780
 376
 669
 462
 231
 627
 241
 683
 69
 818
 778
 411
 628
 705
 422
 604
 126
 62
 784
 276
 284
 181
 26
 183
 31
 461
 320
 354
 198
 445
 295
 294
 325
 266
 378
 68
 221
 323
 220
 35
 470
 22
 307
 362
 24
 534
 200
 580
 494
 144
 714
 269
 716
 605
 667
 803
 816
 728
 723
 745
 351
 772
 835
 330
 801
 309
 724
 600
 219
 571
 474
 371
 608
 625
 10
 208
 12
 715
 703
 598
 519
 286
 555
 437
 296
 687
 556
 485
 684
 638
 717
 661
 299
 815
 639
 823
 313
 647
 464
 596
 415
 721
 700
 173
 738
 350
 551
 19
 341
 160
 814
 51
 664
 199
 630
 54
 766
 23
 30
 89
 440
 249
 275
 254
 500
 180
 172
 238
 622
 377
 67
 65
 223
 120
 93
 96
 558
 398
 242
 141
 58
 675
 610
 472
 798
 499
 743
 802
 770
 788
 441
 2
 660
 681
 280
 785
 55
 844
 632
 450
 245
 824
 165
 298
 618
 285
 97
 343
 3
 781
 59
 670
 601
 594
 405
 48
 136
 258
 807
 792
 656
 706
 794
 817
 466
 790
 791
 490
 243
 417
 246
 739
 43
 273
 146
 408
 504
 318
 315
 750
 397
 191
 390
 308
 211
 432
 46
 602
 271
 75
 538
 384
 268
 267





# name: electrode
# type: struct
# ndims: 2
 1 16
# length: 2
# name: nodes
# type: cell
# rows: 1
# columns: 16
# name: <cell-element>
# type: matrix
# rows: 1
# columns: 3
 25 27 52



# name: <cell-element>
# type: matrix
# rows: 1
# columns: 3
 29 31 41



# name: <cell-element>
# type: matrix
# rows: 1
# columns: 3
 30 32 34



# name: <cell-element>
# type: matrix
# rows: 1
# columns: 3
 26 28 42



# name: <cell-element>
# type: matrix
# rows: 1
# columns: 3
 22 24 53



# name: <cell-element>
# type: matrix
# rows: 1
# columns: 3
 18 20 58



# name: <cell-element>
# type: matrix
# rows: 1
# columns: 3
 14 16 66



# name: <cell-element>
# type: matrix
# rows: 1
# columns: 3
 10 12 74



# name: <cell-element>
# type: matrix
# rows: 1
# columns: 3
 6 8 85



# name: <cell-element>
# type: matrix
# rows: 1
# columns: 3
 2 4 93



# name: <cell-element>
# type: matrix
# rows: 1
# columns: 3
 1 3 33



# name: <cell-element>
# type: matrix
# rows: 1
# columns: 3
 5 7 86



# name: <cell-element>
# type: matrix
# rows: 1
# columns: 3
 9 11 84



# name: <cell-element>
# type: matrix
# rows: 1
# columns: 3
 13 15 73



# name: <cell-element>
# type: matrix
# rows: 1
# columns: 3
 17 19 59



# name: <cell-element>
# type: matrix
# rows: 1
# columns: 3
 21 23 54





# name: z_contact
# type: cell
# rows: 1
# columns: 16
# name: <cell-element>
# type: scalar
0.01



# name: <cell-element>
# type: scalar
0.01



# name: <cell-element>
# type: scalar
0.01



# name: <cell-element>
# type: scalar
0.01



# name: <cell-element>
# type: scalar
0.01



# name: <cell-element>
# type: scalar
0.01



# name: <cell-element>
# type: scalar
0.01



# name: <cell-element>
# type: scalar
0.01



# name: <cell-element>
# type: scalar
0.01



# name: <cell-element>
# type: scalar
0.01



# name: <cell-element>
# type: scalar
0.01



# name: <cell-element>
# type: scalar
0.01



# name: <cell-element>
# type: scalar
0.01



# name: <cell-element>
# type: scalar
0.01



# name: <cell-element>
# type: scalar
0.01



# name: <cell-element>
# type: scalar
0.01







# name: solve
# type: sq_string
# elements: 1
# length: 14
eidors_default


# name: jacobian
# type: sq_string
# elements: 1
# length: 14
eidors_default


# name: system_mat
# type: sq_string
# elements: 1
# length: 14
eidors_default


# name: normalize_measurements
# type: scalar
0


# name: stimulation
# type: struct
# ndims: 2
 1 19
# length: 3
# name: stimulation
# type: cell
# rows: 1
# columns: 19
# name: <cell-element>
# type: sq_string
# elements: 1
# length: 3
Amp



# name: <cell-element>
# type: sq_string
# elements: 1
# length: 3
Amp



# name: <cell-element>
# type: sq_string
# elements: 1
# length: 3
Amp



# name: <cell-element>
# type: sq_string
# elements: 1
# length: 3
Amp



# name: <cell-element>
# type: sq_string
# elements: 1
# length: 3
Amp



# name: <cell-element>
# type: sq_string
# elements: 1
# length: 3
Amp



# name: <cell-element>
# type: sq_string
# elements: 1
# length: 3
Amp



# name: <cell-element>
# type: sq_string
# elements: 1
# length: 3
Amp



# name: <cell-element>
# type: sq_string
# elements: 1
# length: 3
Amp



# name: <cell-element>
# type: sq_string
# elements: 1
# length: 3
Amp



# name: <cell-element>
# type: sq_string
# elements: 1
# length: 3
Amp



# name: <cell-element>
# type: sq_string
# elements: 1
# length: 3
Amp



# name: <cell-element>
# type: sq_string
# elements: 1
# length: 3
Amp



# name: <cell-element>
# type: sq_string
# elements: 1
# length: 3
Amp



# name: <cell-element>
# type: sq_string
# elements: 1
# length: 3
Amp



# name: <cell-element>
# type: sq_string
# elements: 1
# length: 3
Amp



# name: <cell-element>
# type: sq_string
# elements: 1
# length: 3
Amp



# name: <cell-element>
# type: sq_string
# elements: 1
# length: 3
Amp



# name: <cell-element>
# type: sq_string
# elements: 1
# length: 3
Amp





# name: stim_pattern
# type: cell
# rows: 1
# columns: 19
# name: <cell-element>
# type: sparse matrix
# nnz: 2
# rows: 19
# columns: 1
1 1 -1
2 1 1



# name: <cell-element>
# type: sparse matrix
# nnz: 2
# rows: 19
# columns: 1
2 1 -1
3 1 1



# name: <cell-element>
# type: sparse matrix
# nnz: 2
# rows: 19
# columns: 1
3 1 -1
4 1 1



# name: <cell-element>
# type: sparse matrix
# nnz: 2
# rows: 19
# columns: 1
4 1 -1
5 1 1



# name: <cell-element>
# type: sparse matrix
# nnz: 2
# rows: 19
# columns: 1
5 1 -1
6 1 1



# name: <cell-element>
# type: sparse matrix
# nnz: 2
# rows: 19
# columns: 1
6 1 -1
7 1 1



# name: <cell-element>
# type: sparse matrix
# nnz: 2
# rows: 19
# columns: 1
7 1 -1
8 1 1



# name: <cell-element>
# type: sparse matrix
# nnz: 2
# rows: 19
# columns: 1
8 1 -1
9 1 1



# name: <cell-element>
# type: sparse matrix
# nnz: 2
# rows: 19
# columns: 1
9 1 -1
10 1 1



# name: <cell-element>
# type: sparse matrix
# nnz: 2
# rows: 19
# columns: 1
10 1 -1
11 1 1



# name: <cell-element>
# type: sparse matrix
# nnz: 2
# rows: 19
# columns: 1
11 1 -1
12 1 1



# name: <cell-element>
# type: sparse matrix
# nnz: 2
# rows: 19
# columns: 1
12 1 -1
13 1 1



# name: <cell-element>
# type: sparse matrix
# nnz: 2
# rows: 19
# columns: 1
13 1 -1
14 1 1



# name: <cell-element>
# type: sparse matrix
# nnz: 2
# rows: 19
# columns: 1
14 1 -1
15 1 1



# name: <cell-element>
# type: sparse matrix
# nnz: 2
# rows: 19
# columns: 1
15 1 -1
16 1 1



# name: <cell-element>
# type: sparse matrix
# nnz: 2
# rows: 19
# columns: 1
16 1 -1
17 1 1



# name: <cell-element>
# type: sparse matrix
# nnz: 2
# rows: 19
# columns: 1
17 1 -1
18 1 1



# name: <cell-element>
# type: sparse matrix
# nnz: 2
# rows: 19
# columns: 1
18 1 -1
19 1 1



# name: <cell-element>
# type: sparse matrix
# nnz: 2
# rows: 19
# columns: 1
1 1 1
19 1 -1





# name: meas_pattern
# type: cell
# rows: 1
# columns: 19
# name: <cell-element>
# type: sparse matrix
# nnz: 32
# rows: 16
# columns: 19
1 3 1
1 4 -1
2 4 1
2 5 -1
3 5 1
3 6 -1
4 6 1
4 7 -1
5 7 1
5 8 -1
6 8 1
6 9 -1
7 9 1
7 10 -1
8 10 1
8 11 -1
9 11 1
9 12 -1
10 12 1
10 13 -1
11 13 1
11 14 -1
12 14 1
12 15 -1
13 15 1
13 16 -1
14 16 1
14 17 -1
15 17 1
15 18 -1
16 18 1
16 19 -1



# name: <cell-element>
# type: sparse matrix
# nnz: 32
# rows: 16
# columns: 19
16 1 -1
1 4 1
1 5 -1
2 5 1
2 6 -1
3 6 1
3 7 -1
4 7 1
4 8 -1
5 8 1
5 9 -1
6 9 1
6 10 -1
7 10 1
7 11 -1
8 11 1
8 12 -1
9 12 1
9 13 -1
10 13 1
10 14 -1
11 14 1
11 15 -1
12 15 1
12 16 -1
13 16 1
13 17 -1
14 17 1
14 18 -1
15 18 1
15 19 -1
16 19 1



# name: <cell-element>
# type: sparse matrix
# nnz: 32
# rows: 16
# columns: 19
1 1 1
16 1 -1
1 2 -1
2 5 1
2 6 -1
3 6 1
3 7 -1
4 7 1
4 8 -1
5 8 1
5 9 -1
6 9 1
6 10 -1
7 10 1
7 11 -1
8 11 1
8 12 -1
9 12 1
9 13 -1
10 13 1
10 14 -1
11 14 1
11 15 -1
12 15 1
12 16 -1
13 16 1
13 17 -1
14 17 1
14 18 -1
15 18 1
15 19 -1
16 19 1



# name: <cell-element>
# type: sparse matrix
# nnz: 32
# rows: 16
# columns: 19
1 1 1
16 1 -1
1 2 -1
2 2 1
2 3 -1
3 6 1
3 7 -1
4 7 1
4 8 -1
5 8 1
5 9 -1
6 9 1
6 10 -1
7 10 1
7 11 -1
8 11 1
8 12 -1
9 12 1
9 13 -1
10 13 1
10 14 -1
11 14 1
11 15 -1
12 15 1
12 16 -1
13 16 1
13 17 -1
14 17 1
14 18 -1
15 18 1
15 19 -1
16 19 1



# name: <cell-element>
# type: sparse matrix
# nnz: 32
# rows: 16
# columns: 19
1 1 1
16 1 -1
1 2 -1
2 2 1
2 3 -1
3 3 1
3 4 -1
4 7 1
4 8 -1
5 8 1
5 9 -1
6 9 1
6 10 -1
7 10 1
7 11 -1
8 11 1
8 12 -1
9 12 1
9 13 -1
10 13 1
10 14 -1
11 14 1
11 15 -1
12 15 1
12 16 -1
13 16 1
13 17 -1
14 17 1
14 18 -1
15 18 1
15 19 -1
16 19 1



# name: <cell-element>
# type: sparse matrix
# nnz: 32
# rows: 16
# columns: 19
1 1 1
16 1 -1
1 2 -1
2 2 1
2 3 -1
3 3 1
3 4 -1
4 4 1
4 5 -1
5 8 1
5 9 -1
6 9 1
6 10 -1
7 10 1
7 11 -1
8 11 1
8 12 -1
9 12 1
9 13 -1
10 13 1
10 14 -1
11 14 1
11 15 -1
12 15 1
12 16 -1
13 16 1
13 17 -1
14 17 1
14 18 -1
15 18 1
15 19 -1
16 19 1



# name: <cell-element>
# type: sparse matrix
# nnz: 32
# rows: 16
# columns: 19
1 1 1
16 1 -1
1 2 -1
2 2 1
2 3 -1
3 3 1
3 4 -1
4 4 1
4 5 -1
5 5 1
5 6 -1
6 9 1
6 10 -1
7 10 1
7 11 -1
8 11 1
8 12 -1
9 12 1
9 13 -1
10 13 1
10 14 -1
11 14 1
11 15 -1
12 15 1
12 16 -1
13 16 1
13 17 -1
14 17 1
14 18 -1
15 18 1
15 19 -1
16 19 1



# name: <cell-element>
# type: sparse matrix
# nnz: 32
# rows: 16
# columns: 19
1 1 1
16 1 -1
1 2 -1
2 2 1
2 3 -1
3 3 1
3 4 -1
4 4 1
4 5 -1
5 5 1
5 6 -1
6 6 1
6 7 -1
7 10 1
7 11 -1
8 11 1
8 12 -1
9 12 1
9 13 -1
10 13 1
10 14 -1
11 14 1
11 15 -1
12 15 1
12 16 -1
13 16 1
13 17 -1
14 17 1
14 18 -1
15 18 1
15 19 -1
16 19 1



# name: <cell-element>
# type: sparse matrix
# nnz: 32
# rows: 16
# columns: 19
1 1 1
16 1 -1
1 2 -1
2 2 1
2 3 -1
3 3 1
3 4 -1
4 4 1
4 5 -1
5 5 1
5 6 -1
6 6 1
6 7 -1
7 7 1
7 8 -1
8 11 1
8 12 -1
9 12 1
9 13 -1
10 13 1
10 14 -1
11 14 1
11 15 -1
12 15 1
12 16 -1
13 16 1
13 17 -1
14 17 1
14 18 -1
15 18 1
15 19 -1
16 19 1



# name: <cell-element>
# type: sparse matrix
# nnz: 32
# rows: 16
# columns: 19
1 1 1
16 1 -1
1 2 -1
2 2 1
2 3 -1
3 3 1
3 4 -1
4 4 1
4 5 -1
5 5 1
5 6 -1
6 6 1
6 7 -1
7 7 1
7 8 -1
8 8 1
8 9 -1
9 12 1
9 13 -1
10 13 1
10 14 -1
11 14 1
11 15 -1
12 15 1
12 16 -1
13 16 1
13 17 -1
14 17 1
14 18 -1
15 18 1
15 19 -1
16 19 1



# name: <cell-element>
# type: sparse matrix
# nnz: 32
# rows: 16
# columns: 19
1 1 1
16 1 -1
1 2 -1
2 2 1
2 3 -1
3 3 1
3 4 -1
4 4 1
4 5 -1
5 5 1
5 6 -1
6 6 1
6 7 -1
7 7 1
7 8 -1
8 8 1
8 9 -1
9 9 1
9 10 -1
10 13 1
10 14 -1
11 14 1
11 15 -1
12 15 1
12 16 -1
13 16 1
13 17 -1
14 17 1
14 18 -1
15 18 1
15 19 -1
16 19 1



# name: <cell-element>
# type: sparse matrix
# nnz: 32
# rows: 16
# columns: 19
1 1 1
16 1 -1
1 2 -1
2 2 1
2 3 -1
3 3 1
3 4 -1
4 4 1
4 5 -1
5 5 1
5 6 -1
6 6 1
6 7 -1
7 7 1
7 8 -1
8 8 1
8 9 -1
9 9 1
9 10 -1
10 10 1
10 11 -1
11 14 1
11 15 -1
12 15 1
12 16 -1
13 16 1
13 17 -1
14 17 1
14 18 -1
15 18 1
15 19 -1
16 19 1



# name: <cell-element>
# type: sparse matrix
# nnz: 32
# rows: 16
# columns: 19
1 1 1
16 1 -1
1 2 -1
2 2 1
2 3 -1
3 3 1
3 4 -1
4 4 1
4 5 -1
5 5 1
5 6 -1
6 6 1
6 7 -1
7 7 1
7 8 -1
8 8 1
8 9 -1
9 9 1
9 10 -1
10 10 1
10 11 -1
11 11 1
11 12 -1
12 15 1
12 16 -1
13 16 1
13 17 -1
14 17 1
14 18 -1
15 18 1
15 19 -1
16 19 1



# name: <cell-element>
# type: sparse matrix
# nnz: 32
# rows: 16
# columns: 19
1 1 1
16 1 -1
1 2 -1
2 2 1
2 3 -1
3 3 1
3 4 -1
4 4 1
4 5 -1
5 5 1
5 6 -1
6 6 1
6 7 -1
7 7 1
7 8 -1
8 8 1
8 9 -1
9 9 1
9 10 -1
10 10 1
10 11 -1
11 11 1
11 12 -1
12 12 1
12 13 -1
13 16 1
13 17 -1
14 17 1
14 18 -1
15 18 1
15 19 -1
16 19 1



# name: <cell-element>
# type: sparse matrix
# nnz: 32
# rows: 16
# columns: 19
1 1 1
16 1 -1
1 2 -1
2 2 1
2 3 -1
3 3 1
3 4 -1
4 4 1
4 5 -1
5 5 1
5 6 -1
6 6 1
6 7 -1
7 7 1
7 8 -1
8 8 1
8 9 -1
9 9 1
9 10 -1
10 10 1
10 11 -1
11 11 1
11 12 -1
12 12 1
12 13 -1
13 13 1
13 14 -1
14 17 1
14 18 -1
15 18 1
15 19 -1
16 19 1



# name: <cell-element>
# type: sparse matrix
# nnz: 32
# rows: 16
# columns: 19
1 1 1
16 1 -1
1 2 -1
2 2 1
2 3 -1
3 3 1
3 4 -1
4 4 1
4 5 -1
5 5 1
5 6 -1
6 6 1
6 7 -1
7 7 1
7 8 -1
8 8 1
8 9 -1
9 9 1
9 10 -1
10 10 1
10 11 -1
11 11 1
11 12 -1
12 12 1
12 13 -1
13 13 1
13 14 -1
14 14 1
14 15 -1
15 18 1
15 19 -1
16 19 1



# name: <cell-element>
# type: sparse matrix
# nnz: 32
# rows: 16
# columns: 19
1 1 1
16 1 -1
1 2 -1
2 2 1
2 3 -1
3 3 1
3 4 -1
4 4 1
4 5 -1
5 5 1
5 6 -1
6 6 1
6 7 -1
7 7 1
7 8 -1
8 8 1
8 9 -1
9 9 1
9 10 -1
10 10 1
10 11 -1
11 11 1
11 12 -1
12 12 1
12 13 -1
13 13 1
13 14 -1
14 14 1
14 15 -1
15 15 1
15 16 -1
16 19 1



# name: <cell-element>
# type: sparse matrix
# nnz: 32
# rows: 16
# columns: 19
1 1 1
1 2 -1
2 2 1
2 3 -1
3 3 1
3 4 -1
4 4 1
4 5 -1
5 5 1
5 6 -1
6 6 1
6 7 -1
7 7 1
7 8 -1
8 8 1
8 9 -1
9 9 1
9 10 -1
10 10 1
10 11 -1
11 11 1
11 12 -1
12 12 1
12 13 -1
13 13 1
13 14 -1
14 14 1
14 15 -1
15 15 1
15 16 -1
16 16 1
16 17 -1



# name: <cell-element>
# type: sparse matrix
# nnz: 32
# rows: 16
# columns: 19
1 2 1
1 3 -1
2 3 1
2 4 -1
3 4 1
3 5 -1
4 5 1
4 6 -1
5 6 1
5 7 -1
6 7 1
6 8 -1
7 8 1
7 9 -1
8 9 1
8 10 -1
9 10 1
9 11 -1
10 11 1
10 12 -1
11 12 1
11 13 -1
12 13 1
12 14 -1
13 14 1
13 15 -1
14 15 1
14 16 -1
15 16 1
15 17 -1
16 17 1
16 18 -1

# name: fwd_solve
# type: scalar struct
# ndims: 2
 1 1
# length: 1
# name: get_all_meas
# type: scalar
1


# name: elem_data
# type: matrix
# rows: 844
# columns: 1
 1
 1
 1
 1
 1
 1
 1
 1
 1
 1
 1
 1
 1
 1
 1
 1
 1
 1
 1
 1
 1
 1
 1
 1
 1
 1
 1
 1
 1
 1
 1
 1
 1
 1
 1
 1
 1
 1
 1
 1
 1
 1
 1
 1
 1
 1
 1
 1
 1
 1
 1
 1
 1
 1
 1
 1
 1
 1
 1
 1
 1
 1
 1
 1
 1
 1
 1
 1
 1
 1
 1
 1
 1
 1
 1
 1
 1
 1
 1
 1
 1
 1
 1
 1
 1
 1
 1
 1
 1
 1
 1
 1
 1
 1
 1
 1
 1
 1
 1
 1
 1
 1
 1
 1
 1
 1
 1
 1
 1
 1
 1
 1
 1
 1
 1
 1
 1
 1
 1
 1
 1
 1
 1
 1
 1
 1
 1
 1
 1
 1
 1
 1
 1
 1
 1
 1
 1
 1
 1
 1
 1
 1
 1
 1
 1
 1
 1
 1
 1
 1
 1
 1
 1
 1
 1
 1
 1
 1
 1
 1
 1
 1
 1
 1
 1
 1
 1
 1
 1
 1
 1
 1
 1
 1
 1
 1
 1
 1
 1
 1
 1
 1
 1
 1
 1
 1
 1
 1
 1
 1
 1
 1
 1
 1
 1
 1
 1
 1
 1
 1
 1
 1
 1
 1
 1
 1
 1
 1
 1
 1
 1
 1
 1
 1
 1
 1
 1
 1
 1
 1
 1
 1
 1
 1
 1
 1
 1
 1
 1
 1
 1
 1
 1
 1
 1
 1
 1
 1
 1
 1
 1
 1
 1
 1
 1
 1
 1
 1
 1
 1
 1
 1
 1
 1
 1
 1
 1
 1
 1
 1
 1
 1
 1
 1
 1
 1
 1
 1
 1
 1
 1
 1
 1
 1
 1
 1
 1
 1
 1
 1
 1
 1
 1
 1
 1
 1
 1
 1
 1
 1
 1
 1
 1
 1
 1
 1
 1
 1
 1
 1
 1
 1
 1
 1
 1
 1
 1
 1
 1
 1
 1
 1
 1
 1
 1
 1
 1
 1
 1
 1
 1
 1
 1
 1
 1
 1
 1
 1
 1
 1
 1
 1
 1
 1
 1
 1
 1
 1
 1
 1
 1
 1
 1
 1
 1
 1
 1
 1
 1
 1
 1
 1
 1
 1
 1
 1
 1
 1
 1
 1
 1
 1
 1
 1
 1
 1
 1
 1
 1
 1
 1
 1
 1
 1
 1
 1
 1
 1
 1
 1
 1
 1
 1
 1
 1
 1
 1
 1
 1
 1
 1
 1
 1
 1
 1
 1
 1
 1
 1
 1
 1
 1
 1
 1
 1
 1
 1
 1
 1
 1
 1
 1
 1
 1
 1
 1
 1
 1
 1
 1
 1
 1
 1
 1
 1
 1
 1
 1
 1
 1
 1
 1
 1
 1
 1
 1
 1
 1
 1
 1
 1
 1
 1
 1
 1
 1
 1
 1
 1
 1
 1
 1
 1
 1
 1
 1
 1
 1
 1
 1
 1
 1
 1
 1
 1
 1
 1
 1
 1
 1
 1
 1
 1
 1
 1
 1
 1
 1
 1
 1
 1
 1
 1
 1
 1
 1
 1
 1
 1
 1
 1
 1
 1
 1
 1
 1
 1
 1
 1
 1
 1
 1
 1
 1
 1
 1
 1
 1
 1
 1
 1
 1
 1
 1
 1
 1
 1
 1
 1
 1
 1
 1
 1
 1
 1
 1
 1
 1
 1
 1
 1
 1
 1
 1
 1
 1
 1
 1
 1
 1
 1
 1
 1
 1
 1
 1
 1
 1
 1
 1
 1
 1
 1
 1
 1
 1
 1
 1
 1
 1
 1
 1
 1
 1
 1
 1
 1
 1
 1
 1
 1
 1
 1
 1
 1
 1
 1
 1
 1
 1
 1
 1
 1
 1
 1
 1
 1
 1
 1
 1
 1
 1
 1
 1
 1
 1
 1
 1
 1
 1
 1
 1
 1
 1
 1
 1
 1
 1
 1
 1
 1
 1
 1
 1
 1
 1
 1
 1
 1
 1
 1
 1
 1
 1
 1
 1
 1
 1
 1
 1
 1
 1
 1
 1
 1
 1
 1
 1
 1
 1
 1
 1
 1
 1
 1
 1
 1
 1
 1
 1
 1
 1
 1
 1
 1
 1
 1
 1
 1
 1
 1
 1
 1
 1
 1
 1
 1
 1
 1
 1
 1
 1
 1
 1
 1
 1
 1
 1
 1
 1
 1
 1
 1
 1
 1
 1
 1
 1
 1
 1
 1
 1
 1
 1
 1
 1
 1
 1
 1
 1
 1
 1
 1
 1
 1
 1
 1
 1
 1
 1
 1
 1
 1
 1
 1
 1
 1
 1
 1
 1
 1
 1
 1
 1
 1
 1
 1
 1
 1
 1
 1
 1
 1
 1
 1
 1
 1
 1
 1
 1
 1
 1
 1
 1
 1
 1
 1
 1
 1
 1
 1
 1
 1
 1
 1
 1
 1
 1
 1
 1
 1
 1
 1
 1
 1
 1
 1
 1
 1
 1
 1
 1
 1
 1
 1
 1
 1
 1
 1
 1
 1
 1
 1
 1
 1
 1
 1
 1
 1
 1
 1
 1
 1
 1
 1
 1
 1
 1
 1
 1
 1
 1
 1
 1
 1
 1
 1
 1
 1
 1
 1
 1
 1
 1
 1
 1
 1
 1
 1
 1
 1
 1
 1
 1
 1
 1
 1
 1
 1
 1
 1
 1
 1
 1
 1
 1
 1
 1
 1
 1
 1
 1
 1
 1


